Build started 10/31/2011 1:43:34 PM.
Project "C:\Users\reverser\Documents\Visual Studio 2010\Projects\forceflags\forceflags\forceflags.vcxproj" on node 2 (build target(s)).
InitializeBuildStatus:
  Touching "Debug\forceflags.unsuccessfulbuild".
ClCompile:
  c:\Program Files\Microsoft Visual Studio 10.0\VC\bin\CL.exe /c /ZI /nologo /W3 /WX- /Od /Oy- /D WIN32 /D _DEBUG /D _CONSOLE /D _UNICODE /D UNICODE /Gm /EHsc /RTC1 /MDd /GS /fp:precise /Zc:wchar_t /Zc:forScope /Fo"Debug\\" /Fd"Debug\vc100.pdb" /Gd /TP /analyze- /errorReport:prompt main.cpp
  main.cpp
c:\users\reverser\documents\visual studio 2010\projects\forceflags\forceflags\main.cpp(5): warning C4101: 'y' : unreferenced local variable
c:\users\reverser\documents\visual studio 2010\projects\forceflags\forceflags\main.cpp(5): warning C4101: 'x' : unreferenced local variable
c:\users\reverser\documents\visual studio 2010\projects\forceflags\forceflags\main.cpp(5): warning C4101: 'z' : unreferenced local variable
ManifestResourceCompile:
  All outputs are up-to-date.
Link:
  c:\Program Files\Microsoft Visual Studio 10.0\VC\bin\link.exe /ERRORREPORT:PROMPT /OUT:"C:\Users\reverser\Documents\Visual Studio 2010\Projects\forceflags\Debug\forceflags.exe" /INCREMENTAL /NOLOGO kernel32.lib user32.lib gdi32.lib winspool.lib comdlg32.lib advapi32.lib shell32.lib ole32.lib oleaut32.lib uuid.lib odbc32.lib odbccp32.lib /MANIFEST /ManifestFile:"Debug\forceflags.exe.intermediate.manifest" /MANIFESTUAC:"level='asInvoker' uiAccess='false'" /DEBUG /PDB:"C:\Users\reverser\Documents\Visual Studio 2010\Projects\forceflags\Debug\forceflags.pdb" /SUBSYSTEM:CONSOLE /TLBID:1 /DYNAMICBASE /NXCOMPAT /IMPLIB:"C:\Users\reverser\Documents\Visual Studio 2010\Projects\forceflags\Debug\forceflags.lib" /MACHINE:X86 Debug\forceflags.exe.embed.manifest.res
  Debug\main.obj
Manifest:
  c:\Program Files\Microsoft SDKs\Windows\v7.0A\bin\mt.exe /nologo /verbose /out:"Debug\forceflags.exe.embed.manifest" /manifest Debug\forceflags.exe.intermediate.manifest
  All outputs are up-to-date.
LinkEmbedManifest:
  All outputs are up-to-date.
  forceflags.vcxproj -> C:\Users\reverser\Documents\Visual Studio 2010\Projects\forceflags\Debug\forceflags.exe
FinalizeBuildStatus:
  Deleting file "Debug\forceflags.unsuccessfulbuild".
  Touching "Debug\forceflags.lastbuildstate".
Done Building Project "C:\Users\reverser\Documents\Visual Studio 2010\Projects\forceflags\forceflags\forceflags.vcxproj" (build target(s)).

Build succeeded.

Time Elapsed 00:00:02.91
