Build started 10/28/2011 7:28:33 PM.
Project "c:\Users\reverser\documents\visual studio 2010\Projects\ntglobalflag\ntglobalflag\ntglobalflag.vcxproj" on node 2 (build target(s)).
InitializeBuildStatus:
  Creating "Debug\ntglobalflag.unsuccessfulbuild" because "AlwaysCreate" was specified.
ClCompile:
  c:\Program Files\Microsoft Visual Studio 10.0\VC\bin\CL.exe /c /ZI /nologo /W3 /WX- /Od /Oy- /D WIN32 /D _DEBUG /D _CONSOLE /D _UNICODE /D UNICODE /Gm /EHsc /RTC1 /MDd /GS /fp:precise /Zc:wchar_t /Zc:forScope /Fo"Debug\\" /Fd"Debug\vc100.pdb" /Gd /TP /analyze- /errorReport:prompt main.cpp
  main.cpp
c:\users\reverser\documents\visual studio 2010\projects\ntglobalflag\ntglobalflag\main.cpp(4): warning C4101: 'y' : unreferenced local variable
c:\users\reverser\documents\visual studio 2010\projects\ntglobalflag\ntglobalflag\main.cpp(4): warning C4101: 'x' : unreferenced local variable
c:\users\reverser\documents\visual studio 2010\projects\ntglobalflag\ntglobalflag\main.cpp(4): warning C4101: 'z' : unreferenced local variable
ManifestResourceCompile:
  All outputs are up-to-date.
Link:
  c:\Program Files\Microsoft Visual Studio 10.0\VC\bin\link.exe /ERRORREPORT:PROMPT /OUT:"c:\users\reverser\documents\visual studio 2010\Projects\ntglobalflag\Debug\ntglobalflag.exe" /INCREMENTAL /NOLOGO kernel32.lib user32.lib gdi32.lib winspool.lib comdlg32.lib advapi32.lib shell32.lib ole32.lib oleaut32.lib uuid.lib odbc32.lib odbccp32.lib /MANIFEST /ManifestFile:"Debug\ntglobalflag.exe.intermediate.manifest" /MANIFESTUAC:"level='asInvoker' uiAccess='false'" /DEBUG /PDB:"c:\users\reverser\documents\visual studio 2010\Projects\ntglobalflag\Debug\ntglobalflag.pdb" /SUBSYSTEM:CONSOLE /TLBID:1 /DYNAMICBASE /NXCOMPAT /IMPLIB:"c:\users\reverser\documents\visual studio 2010\Projects\ntglobalflag\Debug\ntglobalflag.lib" /MACHINE:X86 Debug\ntglobalflag.exe.embed.manifest.res
  Debug\main.obj
Manifest:
  c:\Program Files\Microsoft SDKs\Windows\v7.0A\bin\mt.exe /nologo /verbose /out:"Debug\ntglobalflag.exe.embed.manifest" /manifest Debug\ntglobalflag.exe.intermediate.manifest
  All outputs are up-to-date.
LinkEmbedManifest:
  All outputs are up-to-date.
  ntglobalflag.vcxproj -> c:\users\reverser\documents\visual studio 2010\Projects\ntglobalflag\Debug\ntglobalflag.exe
FinalizeBuildStatus:
  Deleting file "Debug\ntglobalflag.unsuccessfulbuild".
  Touching "Debug\ntglobalflag.lastbuildstate".
Done Building Project "c:\Users\reverser\documents\visual studio 2010\Projects\ntglobalflag\ntglobalflag\ntglobalflag.vcxproj" (build target(s)).

Build succeeded.

Time Elapsed 00:00:02.34
